0 info it worked if it ends with ok
1 verbose cli [ 'D:\\Program Files\\nodejs\\node.exe',
1 verbose cli   'D:\\Program Files\\nodejs\\node_modules\\npm\\bin\\npm-cli.js',
1 verbose cli   'run',
1 verbose cli   'babel:watch:js' ]
2 info using npm@3.10.10
3 info using node@v6.9.4
4 verbose run-script [ 'prebabel:watch:js', 'babel:watch:js', 'postbabel:watch:js' ]
5 info lifecycle nemo@1.0.0~prebabel:watch:js: nemo@1.0.0
6 silly lifecycle nemo@1.0.0~prebabel:watch:js: no script for prebabel:watch:js, continuing
7 info lifecycle nemo@1.0.0~babel:watch:js: nemo@1.0.0
8 verbose lifecycle nemo@1.0.0~babel:watch:js: unsafe-perm in lifecycle true
9 verbose lifecycle nemo@1.0.0~babel:watch:js: PATH: D:\Program Files\nodejs\node_modules\npm\bin\node-gyp-bin;D:\xampp\htdocs\J03P02\SeriousJS\nemo\node_modules\.bin;C:\ProgramData\Oracle\Java\javapath;C:\WINDOWS\system32;C:\WINDOWS;C:\WINDOWS\System32\Wbem;C:\WINDOWS\System32\WindowsPowerShell\v1.0\;C:\Program Files (x86)\NVIDIA Corporation\PhysX\Common;C:\Program Files (x86)\Skype\Phone\;C:\Program Files\Microsoft SQL Server\130\Tools\Binn\;C:\Program Files\dotnet\;D:\Program Files\Git\cmd;%SystemRoot%\system32;%SystemRoot%;%SystemRoot%\System32\Wbem;%SYSTEMROOT%\System32\WindowsPowerShell\v1.0\;C:\Program Files (x86)\GtkSharp\2.12\bin;D:\Program Files\nodejs\;C:\Android;C:\Windows\System32;C:\RailsInstaller\Git\cmd;C:\RailsInstaller\Ruby2.3.0\bin;C:\Users\Kalle\AppData\Local\Microsoft\WindowsApps;C:\Users\Kalle\AppData\Roaming\npm
10 verbose lifecycle nemo@1.0.0~babel:watch:js: CWD: D:\xampp\htdocs\J03P02\SeriousJS\nemo
11 silly lifecycle nemo@1.0.0~babel:watch:js: Args: [ '/d /s /c', 'babel src --watch --out-file dist/bundle.js' ]
12 silly lifecycle nemo@1.0.0~babel:watch:js: Returned: code: 3221225786  signal: null
13 info lifecycle nemo@1.0.0~babel:watch:js: Failed to exec babel:watch:js script
14 verbose stack Error: nemo@1.0.0 babel:watch:js: `babel src --watch --out-file dist/bundle.js`
14 verbose stack Exit status 3221225786
14 verbose stack     at EventEmitter.<anonymous> (D:\Program Files\nodejs\node_modules\npm\lib\utils\lifecycle.js:255:16)
14 verbose stack     at emitTwo (events.js:106:13)
14 verbose stack     at EventEmitter.emit (events.js:191:7)
14 verbose stack     at ChildProcess.<anonymous> (D:\Program Files\nodejs\node_modules\npm\lib\utils\spawn.js:40:14)
14 verbose stack     at emitTwo (events.js:106:13)
14 verbose stack     at ChildProcess.emit (events.js:191:7)
14 verbose stack     at maybeClose (internal/child_process.js:877:16)
14 verbose stack     at Process.ChildProcess._handle.onexit (internal/child_process.js:226:5)
15 verbose pkgid nemo@1.0.0
16 verbose cwd D:\xampp\htdocs\J03P02\SeriousJS\nemo
17 error Windows_NT 10.0.14393
18 error argv "D:\\Program Files\\nodejs\\node.exe" "D:\\Program Files\\nodejs\\node_modules\\npm\\bin\\npm-cli.js" "run" "babel:watch:js"
19 error node v6.9.4
20 error npm  v3.10.10
21 error code ELIFECYCLE
22 error nemo@1.0.0 babel:watch:js: `babel src --watch --out-file dist/bundle.js`
22 error Exit status 3221225786
23 error Failed at the nemo@1.0.0 babel:watch:js script 'babel src --watch --out-file dist/bundle.js'.
23 error Make sure you have the latest version of node.js and npm installed.
23 error If you do, this is most likely a problem with the nemo package,
23 error not with npm itself.
23 error Tell the author that this fails on your system:
23 error     babel src --watch --out-file dist/bundle.js
23 error You can get information on how to open an issue for this project with:
23 error     npm bugs nemo
23 error Or if that isn't available, you can get their info via:
23 error     npm owner ls nemo
23 error There is likely additional logging output above.
24 verbose exit [ 1, true ]
